<?xml version="1.0" encoding="UTF-8"?>
<!-- Generated by org.testng.reporters.JUnitXMLReporter -->
<testsuite ignored="0" hostname="DESKTOP-3LQC5PV" failures="0" tests="6" name="Default test" time="11.524" errors="0" timestamp="2023-08-21T15:48:35 IST">
  <testcase classname="api.tests.DDTests" name="testPostuser" time="3.442"/>
  <testcase classname="api.tests.DDTests" name="testPostuser" time="1.144"/>
  <testcase classname="api.tests.DDTests" name="testPostuser" time="1.167"/>
  <testcase classname="api.tests.DDTests" name="testDeleteUserByName" time="1.135"/>
  <testcase classname="api.tests.DDTests" name="testDeleteUserByName" time="1.115"/>
  <testcase classname="api.tests.DDTests" name="testDeleteUserByName" time="1.166"/>
</testsuite> <!-- Default test -->
