<?xml version="1.0" encoding="UTF-8"?>
<testng-results ignored="0" total="4" passed="4" failed="0" skipped="0">
  <reporter-output>
  </reporter-output>
  <suite started-at="2023-08-21T17:36:45 IST" name="PetSuite" finished-at="2023-08-21T17:37:00 IST" duration-ms="14792">
    <groups>
    </groups>
    <test started-at="2023-08-21T17:36:45 IST" name="PetTests" finished-at="2023-08-21T17:37:00 IST" duration-ms="14792">
      <class name="api.tests.UserTests">
        <test-method is-config="true" signature="setup()[pri:0, instance:api.tests.UserTests@192d43ce]" started-at="2023-08-21T17:36:46 IST" name="setup" finished-at="2023-08-21T17:36:47 IST" duration-ms="1619" status="PASS">
          <reporter-output>
          </reporter-output>
        </test-method> <!-- setup -->
        <test-method signature="testPostUser()[pri:1, instance:api.tests.UserTests@192d43ce]" started-at="2023-08-21T17:36:47 IST" name="testPostUser" finished-at="2023-08-21T17:36:53 IST" duration-ms="5304" status="PASS">
          <reporter-output>
          </reporter-output>
        </test-method> <!-- testPostUser -->
        <test-method signature="testGetUserByName()[pri:2, instance:api.tests.UserTests@192d43ce]" started-at="2023-08-21T17:36:53 IST" name="testGetUserByName" finished-at="2023-08-21T17:36:54 IST" duration-ms="1074" status="PASS">
          <reporter-output>
          </reporter-output>
        </test-method> <!-- testGetUserByName -->
        <test-method signature="testUpdateUserByName()[pri:3, instance:api.tests.UserTests@192d43ce]" started-at="2023-08-21T17:36:54 IST" name="testUpdateUserByName" finished-at="2023-08-21T17:36:56 IST" duration-ms="2182" status="PASS">
          <reporter-output>
          </reporter-output>
        </test-method> <!-- testUpdateUserByName -->
        <test-method signature="testDeleteUserByName()[pri:4, instance:api.tests.UserTests@192d43ce]" started-at="2023-08-21T17:36:56 IST" name="testDeleteUserByName" finished-at="2023-08-21T17:37:00 IST" duration-ms="4146" status="PASS">
          <reporter-output>
          </reporter-output>
        </test-method> <!-- testDeleteUserByName -->
      </class> <!-- api.tests.UserTests -->
    </test> <!-- PetTests -->
  </suite> <!-- PetSuite -->
</testng-results>
