<?xml version="1.0" encoding="UTF-8"?>
<testng-results ignored="0" total="4" passed="4" failed="0" skipped="0">
  <reporter-output>
  </reporter-output>
  <suite started-at="2023-08-21T15:55:27 IST" name="PetSuite" finished-at="2023-08-21T15:55:37 IST" duration-ms="9781">
    <groups>
    </groups>
    <test started-at="2023-08-21T15:55:27 IST" name="PetTests" finished-at="2023-08-21T15:55:37 IST" duration-ms="9781">
      <class name="api.tests.UserTests">
        <test-method is-config="true" signature="setup()[pri:0, instance:api.tests.UserTests@2d710f1a]" started-at="2023-08-21T15:55:28 IST" name="setup" finished-at="2023-08-21T15:55:29 IST" duration-ms="880" status="PASS">
          <reporter-output>
          </reporter-output>
        </test-method> <!-- setup -->
        <test-method signature="testPostUser()[pri:1, instance:api.tests.UserTests@2d710f1a]" started-at="2023-08-21T15:55:29 IST" name="testPostUser" finished-at="2023-08-21T15:55:33 IST" duration-ms="3935" status="PASS">
          <reporter-output>
          </reporter-output>
        </test-method> <!-- testPostUser -->
        <test-method signature="testGetUserByName()[pri:2, instance:api.tests.UserTests@2d710f1a]" started-at="2023-08-21T15:55:33 IST" name="testGetUserByName" finished-at="2023-08-21T15:55:34 IST" duration-ms="1121" status="PASS">
          <reporter-output>
          </reporter-output>
        </test-method> <!-- testGetUserByName -->
        <test-method signature="testUpdateUserByName()[pri:3, instance:api.tests.UserTests@2d710f1a]" started-at="2023-08-21T15:55:34 IST" name="testUpdateUserByName" finished-at="2023-08-21T15:55:36 IST" duration-ms="2183" status="PASS">
          <reporter-output>
          </reporter-output>
        </test-method> <!-- testUpdateUserByName -->
        <test-method signature="testDeleteUserByName()[pri:4, instance:api.tests.UserTests@2d710f1a]" started-at="2023-08-21T15:55:36 IST" name="testDeleteUserByName" finished-at="2023-08-21T15:55:37 IST" duration-ms="1112" status="PASS">
          <reporter-output>
          </reporter-output>
        </test-method> <!-- testDeleteUserByName -->
      </class> <!-- api.tests.UserTests -->
    </test> <!-- PetTests -->
  </suite> <!-- PetSuite -->
</testng-results>
