<?xml version="1.0" encoding="UTF-8"?>
<!-- Generated by org.testng.reporters.JUnitXMLReporter -->
<testsuite ignored="0" hostname="DESKTOP-3LQC5PV" failures="0" tests="4" name="PetTests" time="14.792" errors="0" timestamp="2023-08-21T17:37:01 IST">
  <testcase classname="api.tests.UserTests" name="testPostUser" time="5.304"/>
  <testcase classname="api.tests.UserTests" name="testGetUserByName" time="1.074"/>
  <testcase classname="api.tests.UserTests" name="testUpdateUserByName" time="2.182"/>
  <testcase classname="api.tests.UserTests" name="testDeleteUserByName" time="4.146"/>
</testsuite> <!-- PetTests -->
