<?xml version="1.0" encoding="UTF-8"?>
<!-- Generated by org.testng.reporters.JUnitXMLReporter -->
<testsuite ignored="0" hostname="DESKTOP-3LQC5PV" failures="0" tests="4" name="PetTests" time="9.781" errors="0" timestamp="2023-08-21T15:55:37 IST">
  <testcase classname="api.tests.UserTests" name="testPostUser" time="3.935"/>
  <testcase classname="api.tests.UserTests" name="testGetUserByName" time="1.121"/>
  <testcase classname="api.tests.UserTests" name="testUpdateUserByName" time="2.183"/>
  <testcase classname="api.tests.UserTests" name="testDeleteUserByName" time="1.112"/>
</testsuite> <!-- PetTests -->
